<?xml version="1.0" encoding="UTF-8"?>
<!-- Generated by org.testng.reporters.JUnitXMLReporter -->
<testsuite ignored="0" hostname="CHN-QAA207" failures="0" tests="3" name="Default test" time="122.717" errors="0" timestamp="2020-06-25T14:27:31 IST">
  <testcase classname="org.sel.prac.excelTest" name="f" time="12.825"/>
  <testcase classname="org.sel.prac.excelTest" name="f" time="9.164"/>
  <testcase classname="org.sel.prac.excelTest" name="f" time="8.191"/>
</testsuite> <!-- Default test -->
