<?xml version="1.0" encoding="UTF-8"?>
<testng-results ignored="0" total="3" passed="3" failed="0" skipped="0">
  <reporter-output>
  </reporter-output>
  <suite started-at="2020-06-25T14:25:29 IST" name="Default suite" finished-at="2020-06-25T14:27:31 IST" duration-ms="122717">
    <groups>
    </groups>
    <test started-at="2020-06-25T14:25:29 IST" name="Default test" finished-at="2020-06-25T14:27:31 IST" duration-ms="122717">
      <class name="org.sel.prac.excelTest">
        <test-method is-config="true" signature="beforeClass()[pri:0, instance:org.sel.prac.excelTest@437da279]" started-at="2020-06-25T14:25:29 IST" name="beforeClass" finished-at="2020-06-25T14:25:30 IST" duration-ms="829" status="PASS">
          <reporter-output>
          </reporter-output>
        </test-method> <!-- beforeClass -->
        <test-method is-config="true" signature="beforeMethod()[pri:0, instance:org.sel.prac.excelTest@437da279]" started-at="2020-06-25T14:26:47 IST" name="beforeMethod" finished-at="2020-06-25T14:26:51 IST" duration-ms="4361" status="PASS">
          <reporter-output>
          </reporter-output>
        </test-method> <!-- beforeMethod -->
        <test-method signature="f(java.lang.String, java.lang.String)[pri:0, instance:org.sel.prac.excelTest@437da279]" started-at="2020-06-25T14:26:51 IST" name="f" data-provider="dp" finished-at="2020-06-25T14:27:04 IST" duration-ms="12825" status="PASS">
          <params>
            <param index="0">
              <value>
                <![CDATA[fidelitysuper]]>
              </value>
            </param>
            <param index="1">
              <value>
                <![CDATA[eSup3rMan]]>
              </value>
            </param>
          </params>
          <reporter-output>
          </reporter-output>
        </test-method> <!-- f -->
        <test-method is-config="true" signature="afterMethod()[pri:0, instance:org.sel.prac.excelTest@437da279]" started-at="2020-06-25T14:27:04 IST" name="afterMethod" finished-at="2020-06-25T14:27:05 IST" duration-ms="900" status="PASS">
          <reporter-output>
          </reporter-output>
        </test-method> <!-- afterMethod -->
        <test-method is-config="true" signature="beforeMethod()[pri:0, instance:org.sel.prac.excelTest@437da279]" started-at="2020-06-25T14:27:05 IST" name="beforeMethod" finished-at="2020-06-25T14:27:08 IST" duration-ms="3554" status="PASS">
          <reporter-output>
          </reporter-output>
        </test-method> <!-- beforeMethod -->
        <test-method signature="f(java.lang.String, java.lang.String)[pri:0, instance:org.sel.prac.excelTest@437da279]" started-at="2020-06-25T14:27:08 IST" name="f" data-provider="dp" finished-at="2020-06-25T14:27:18 IST" duration-ms="9164" status="PASS">
          <params>
            <param index="0">
              <value>
                <![CDATA[username]]>
              </value>
            </param>
            <param index="1">
              <value>
                <![CDATA[password]]>
              </value>
            </param>
          </params>
          <reporter-output>
          </reporter-output>
        </test-method> <!-- f -->
        <test-method is-config="true" signature="afterMethod()[pri:0, instance:org.sel.prac.excelTest@437da279]" started-at="2020-06-25T14:27:18 IST" name="afterMethod" finished-at="2020-06-25T14:27:18 IST" duration-ms="901" status="PASS">
          <reporter-output>
          </reporter-output>
        </test-method> <!-- afterMethod -->
        <test-method is-config="true" signature="beforeMethod()[pri:0, instance:org.sel.prac.excelTest@437da279]" started-at="2020-06-25T14:27:18 IST" name="beforeMethod" finished-at="2020-06-25T14:27:22 IST" duration-ms="3589" status="PASS">
          <reporter-output>
          </reporter-output>
        </test-method> <!-- beforeMethod -->
        <test-method signature="f(java.lang.String, java.lang.String)[pri:0, instance:org.sel.prac.excelTest@437da279]" started-at="2020-06-25T14:27:22 IST" name="f" data-provider="dp" finished-at="2020-06-25T14:27:30 IST" duration-ms="8191" status="PASS">
          <params>
            <param index="0">
              <value>
                <![CDATA[a]]>
              </value>
            </param>
            <param index="1">
              <value>
                <![CDATA[b]]>
              </value>
            </param>
          </params>
          <reporter-output>
          </reporter-output>
        </test-method> <!-- f -->
        <test-method is-config="true" signature="afterMethod()[pri:0, instance:org.sel.prac.excelTest@437da279]" started-at="2020-06-25T14:27:30 IST" name="afterMethod" finished-at="2020-06-25T14:27:31 IST" duration-ms="1106" status="PASS">
          <reporter-output>
          </reporter-output>
        </test-method> <!-- afterMethod -->
        <test-method is-config="true" signature="afterClass()[pri:0, instance:org.sel.prac.excelTest@437da279]" started-at="2020-06-25T14:27:31 IST" name="afterClass" finished-at="2020-06-25T14:27:31 IST" duration-ms="0" status="PASS">
          <reporter-output>
          </reporter-output>
        </test-method> <!-- afterClass -->
      </class> <!-- org.sel.prac.excelTest -->
    </test> <!-- Default test -->
  </suite> <!-- Default suite -->
</testng-results>
